mode: set
letsgo.net/snippetbox/pkg/models/mysql/snippets.go:16.76,20.16 3 0
letsgo.net/snippetbox/pkg/models/mysql/snippets.go:24.2,25.16 2 0
letsgo.net/snippetbox/pkg/models/mysql/snippets.go:28.2,28.21 1 0
letsgo.net/snippetbox/pkg/models/mysql/snippets.go:20.16,22.3 1 0
letsgo.net/snippetbox/pkg/models/mysql/snippets.go:25.16,27.3 1 0
letsgo.net/snippetbox/pkg/models/mysql/snippets.go:32.61,44.16 4 0
letsgo.net/snippetbox/pkg/models/mysql/snippets.go:55.2,55.15 1 0
letsgo.net/snippetbox/pkg/models/mysql/snippets.go:44.16,48.36 1 0
letsgo.net/snippetbox/pkg/models/mysql/snippets.go:51.3,51.18 1 0
letsgo.net/snippetbox/pkg/models/mysql/snippets.go:48.36,50.4 1 0
letsgo.net/snippetbox/pkg/models/mysql/snippets.go:59.60,62.16 3 0
letsgo.net/snippetbox/pkg/models/mysql/snippets.go:65.2,67.18 3 0
letsgo.net/snippetbox/pkg/models/mysql/snippets.go:75.2,75.34 1 0
letsgo.net/snippetbox/pkg/models/mysql/snippets.go:79.2,79.22 1 0
letsgo.net/snippetbox/pkg/models/mysql/snippets.go:62.16,64.3 1 0
letsgo.net/snippetbox/pkg/models/mysql/snippets.go:67.18,70.17 3 0
letsgo.net/snippetbox/pkg/models/mysql/snippets.go:73.3,73.33 1 0
letsgo.net/snippetbox/pkg/models/mysql/snippets.go:70.17,72.4 1 0
letsgo.net/snippetbox/pkg/models/mysql/snippets.go:75.34,77.3 1 0
letsgo.net/snippetbox/pkg/models/mysql/users.go:20.64,22.16 2 0
letsgo.net/snippetbox/pkg/models/mysql/users.go:25.2,30.16 5 0
letsgo.net/snippetbox/pkg/models/mysql/users.go:42.2,42.12 1 0
letsgo.net/snippetbox/pkg/models/mysql/users.go:22.16,24.3 1 0
letsgo.net/snippetbox/pkg/models/mysql/users.go:30.16,35.34 2 0
letsgo.net/snippetbox/pkg/models/mysql/users.go:40.3,40.13 1 0
letsgo.net/snippetbox/pkg/models/mysql/users.go:35.34,36.91 1 0
letsgo.net/snippetbox/pkg/models/mysql/users.go:36.91,38.5 1 0
letsgo.net/snippetbox/pkg/models/mysql/users.go:46.71,52.16 6 0
letsgo.net/snippetbox/pkg/models/mysql/users.go:60.2,61.16 2 0
letsgo.net/snippetbox/pkg/models/mysql/users.go:69.2,69.16 1 0
letsgo.net/snippetbox/pkg/models/mysql/users.go:52.16,53.36 1 0
letsgo.net/snippetbox/pkg/models/mysql/users.go:53.36,55.4 1 0
letsgo.net/snippetbox/pkg/models/mysql/users.go:55.9,57.4 1 0
letsgo.net/snippetbox/pkg/models/mysql/users.go:61.16,62.58 1 0
letsgo.net/snippetbox/pkg/models/mysql/users.go:62.58,64.4 1 0
letsgo.net/snippetbox/pkg/models/mysql/users.go:64.9,66.4 1 0
letsgo.net/snippetbox/pkg/models/mysql/users.go:73.55,77.17 4 1
letsgo.net/snippetbox/pkg/models/mysql/users.go:82.2,82.15 1 1
letsgo.net/snippetbox/pkg/models/mysql/users.go:77.17,78.36 1 1
letsgo.net/snippetbox/pkg/models/mysql/users.go:78.36,79.4 1 1
letsgo.net/snippetbox/pkg/models/mysql/users.go:79.9,81.4 1 0
letsgo.net/snippetbox/cmd/web/main.go:46.13,57.16 10 0
letsgo.net/snippetbox/cmd/web/main.go:60.2,64.16 4 0
letsgo.net/snippetbox/cmd/web/main.go:68.2,99.21 9 0
letsgo.net/snippetbox/cmd/web/main.go:57.16,59.3 1 0
letsgo.net/snippetbox/cmd/web/main.go:64.16,66.3 1 0
letsgo.net/snippetbox/cmd/web/main.go:102.42,104.16 2 0
letsgo.net/snippetbox/cmd/web/main.go:107.2,107.33 1 0
letsgo.net/snippetbox/cmd/web/main.go:110.2,110.16 1 0
letsgo.net/snippetbox/cmd/web/main.go:104.16,106.3 1 0
letsgo.net/snippetbox/cmd/web/main.go:107.33,109.3 1 0
letsgo.net/snippetbox/cmd/web/middleware.go:13.45,18.22 3 1
letsgo.net/snippetbox/cmd/web/middleware.go:21.70,23.48 1 1
letsgo.net/snippetbox/cmd/web/middleware.go:23.48,26.14 2 1
letsgo.net/snippetbox/cmd/web/middleware.go:30.2,31.56 2 0
letsgo.net/snippetbox/cmd/web/middleware.go:38.2,39.39 2 0
letsgo.net/snippetbox/cmd/web/middleware.go:26.14,29.3 2 1
letsgo.net/snippetbox/cmd/web/middleware.go:31.56,35.3 3 0
letsgo.net/snippetbox/cmd/web/middleware.go:35.8,35.23 1 0
letsgo.net/snippetbox/cmd/web/middleware.go:35.23,37.3 2 0
letsgo.net/snippetbox/cmd/web/middleware.go:43.79,44.71 1 1
letsgo.net/snippetbox/cmd/web/middleware.go:44.71,47.29 1 0
letsgo.net/snippetbox/cmd/web/middleware.go:53.2,55.22 2 0
letsgo.net/snippetbox/cmd/web/middleware.go:47.29,50.3 2 0
letsgo.net/snippetbox/cmd/web/middleware.go:58.52,59.71 1 1
letsgo.net/snippetbox/cmd/web/middleware.go:59.71,63.3 3 1
letsgo.net/snippetbox/cmd/web/middleware.go:66.68,67.71 1 1
letsgo.net/snippetbox/cmd/web/middleware.go:67.71,70.3 2 1
letsgo.net/snippetbox/cmd/web/middleware.go:73.70,74.71 1 1
letsgo.net/snippetbox/cmd/web/middleware.go:74.71,75.16 1 1
letsgo.net/snippetbox/cmd/web/middleware.go:81.3,81.23 1 1
letsgo.net/snippetbox/cmd/web/middleware.go:75.16,76.36 1 1
letsgo.net/snippetbox/cmd/web/middleware.go:76.36,79.5 2 0
letsgo.net/snippetbox/cmd/web/routes.go:10.47,29.3 16 1
letsgo.net/snippetbox/cmd/web/template.go:27.36,28.15 1 1
letsgo.net/snippetbox/cmd/web/template.go:31.2,31.47 1 1
letsgo.net/snippetbox/cmd/web/template.go:28.15,30.3 1 1
letsgo.net/snippetbox/cmd/web/template.go:38.74,41.16 3 1
letsgo.net/snippetbox/cmd/web/template.go:45.2,45.29 1 1
letsgo.net/snippetbox/cmd/web/template.go:66.2,66.19 1 1
letsgo.net/snippetbox/cmd/web/template.go:41.16,43.3 1 0
letsgo.net/snippetbox/cmd/web/template.go:45.29,49.17 3 1
letsgo.net/snippetbox/cmd/web/template.go:53.3,55.17 2 1
letsgo.net/snippetbox/cmd/web/template.go:59.3,60.17 2 1
letsgo.net/snippetbox/cmd/web/template.go:63.3,63.19 1 1
letsgo.net/snippetbox/cmd/web/template.go:49.17,51.4 1 0
letsgo.net/snippetbox/cmd/web/template.go:55.17,57.4 1 0
letsgo.net/snippetbox/cmd/web/template.go:60.17,62.4 1 0
letsgo.net/snippetbox/cmd/web/handlers.go:13.70,14.23 1 0
letsgo.net/snippetbox/cmd/web/handlers.go:20.2,21.16 2 0
letsgo.net/snippetbox/cmd/web/handlers.go:26.2,26.64 1 0
letsgo.net/snippetbox/cmd/web/handlers.go:14.23,18.3 2 0
letsgo.net/snippetbox/cmd/web/handlers.go:21.16,25.3 2 0
letsgo.net/snippetbox/cmd/web/handlers.go:29.77,31.26 2 1
letsgo.net/snippetbox/cmd/web/handlers.go:36.2,37.16 2 1
letsgo.net/snippetbox/cmd/web/handlers.go:46.2,46.63 1 1
letsgo.net/snippetbox/cmd/web/handlers.go:31.26,35.3 2 1
letsgo.net/snippetbox/cmd/web/handlers.go:37.16,38.41 1 1
letsgo.net/snippetbox/cmd/web/handlers.go:43.3,43.9 1 1
letsgo.net/snippetbox/cmd/web/handlers.go:38.41,40.4 1 1
letsgo.net/snippetbox/cmd/web/handlers.go:40.9,42.4 1 0
letsgo.net/snippetbox/cmd/web/handlers.go:51.83,53.2 1 0
letsgo.net/snippetbox/cmd/web/handlers.go:55.79,63.16 2 0
letsgo.net/snippetbox/cmd/web/handlers.go:68.2,73.19 5 0
letsgo.net/snippetbox/cmd/web/handlers.go:77.2,78.16 2 0
letsgo.net/snippetbox/cmd/web/handlers.go:83.2,85.74 2 0
letsgo.net/snippetbox/cmd/web/handlers.go:63.16,66.3 2 0
letsgo.net/snippetbox/cmd/web/handlers.go:73.19,76.3 2 0
letsgo.net/snippetbox/cmd/web/handlers.go:78.16,81.3 2 0
letsgo.net/snippetbox/cmd/web/handlers.go:88.80,92.2 1 1
letsgo.net/snippetbox/cmd/web/handlers.go:94.76,96.16 2 1
letsgo.net/snippetbox/cmd/web/handlers.go:100.2,107.19 7 1
letsgo.net/snippetbox/cmd/web/handlers.go:111.2,112.16 2 1
letsgo.net/snippetbox/cmd/web/handlers.go:122.2,124.57 2 1
letsgo.net/snippetbox/cmd/web/handlers.go:96.16,99.3 2 0
letsgo.net/snippetbox/cmd/web/handlers.go:107.19,110.3 2 1
letsgo.net/snippetbox/cmd/web/handlers.go:112.16,113.47 1 1
letsgo.net/snippetbox/cmd/web/handlers.go:119.3,119.9 1 1
letsgo.net/snippetbox/cmd/web/handlers.go:113.47,116.4 2 1
letsgo.net/snippetbox/cmd/web/handlers.go:116.9,118.4 1 0
letsgo.net/snippetbox/cmd/web/handlers.go:127.79,131.2 1 0
letsgo.net/snippetbox/cmd/web/handlers.go:133.75,135.16 2 0
letsgo.net/snippetbox/cmd/web/handlers.go:140.2,142.16 3 0
letsgo.net/snippetbox/cmd/web/handlers.go:152.2,154.61 2 0
letsgo.net/snippetbox/cmd/web/handlers.go:135.16,138.3 2 0
letsgo.net/snippetbox/cmd/web/handlers.go:142.16,143.51 1 0
letsgo.net/snippetbox/cmd/web/handlers.go:149.3,149.9 1 0
letsgo.net/snippetbox/cmd/web/handlers.go:143.51,146.4 2 0
letsgo.net/snippetbox/cmd/web/handlers.go:146.9,148.4 1 0
letsgo.net/snippetbox/cmd/web/handlers.go:157.76,162.2 3 0
letsgo.net/snippetbox/cmd/web/handlers.go:164.50,166.2 1 1
letsgo.net/snippetbox/cmd/web/helpers.go:13.71,18.2 3 0
letsgo.net/snippetbox/cmd/web/helpers.go:20.72,22.2 1 1
letsgo.net/snippetbox/cmd/web/helpers.go:24.57,26.2 1 1
letsgo.net/snippetbox/cmd/web/helpers.go:28.89,29.15 1 1
letsgo.net/snippetbox/cmd/web/helpers.go:32.2,36.11 5 1
letsgo.net/snippetbox/cmd/web/helpers.go:29.15,31.3 1 0
letsgo.net/snippetbox/cmd/web/helpers.go:39.103,41.9 2 1
letsgo.net/snippetbox/cmd/web/helpers.go:46.2,50.16 3 1
letsgo.net/snippetbox/cmd/web/helpers.go:55.2,55.16 1 1
letsgo.net/snippetbox/cmd/web/helpers.go:41.9,44.3 2 0
letsgo.net/snippetbox/cmd/web/helpers.go:50.16,53.3 2 0
letsgo.net/snippetbox/cmd/web/helpers.go:58.63,60.9 2 1
letsgo.net/snippetbox/cmd/web/helpers.go:63.3,63.25 1 0
letsgo.net/snippetbox/cmd/web/helpers.go:60.9,62.4 1 1
